Start testing: Jun 26 09:28 PDT
----------------------------------------------------------
4/63 Testing: wal_buffer_pool_test
4/63 Test: wal_buffer_pool_test
Command: "/Users/lixiang/wx-files/minidb/build-ubsan/tests/wal_buffer_pool_test"
Directory: /Users/lixiang/wx-files/minidb/build-ubsan/tests
"wal_buffer_pool_test" start time: Jun 26 09:28 PDT
Output:
----------------------------------------------------------
<end of output>
Test time =   0.66 sec
----------------------------------------------------------
Test Passed.
"wal_buffer_pool_test" end time: Jun 26 09:28 PDT
"wal_buffer_pool_test" time elapsed: 00:00:00
----------------------------------------------------------

19/63 Testing: sql_correctness_matrix
19/63 Test: sql_correctness_matrix
Command: "/usr/bin/python3" "/Users/lixiang/wx-files/minidb/tests/sql/sql_correctness_matrix.py" "/Users/lixiang/wx-files/minidb/build-ubsan/minidb" "--seed" "12648430"
Directory: /Users/lixiang/wx-files/minidb/build-ubsan/tests
"sql_correctness_matrix" start time: Jun 26 09:28 PDT
Output:
----------------------------------------------------------
sql_correctness_matrix PASS seed=12648430 cases=90
<end of output>
Test time =  18.58 sec
----------------------------------------------------------
Test Passed.
"sql_correctness_matrix" end time: Jun 26 09:28 PDT
"sql_correctness_matrix" time elapsed: 00:00:18
----------------------------------------------------------

38/63 Testing: clog_status_log
38/63 Test: clog_status_log
Command: "/usr/bin/python3" "/Users/lixiang/wx-files/minidb/tests/acid/atomicity/clog_status_log.py" "/Users/lixiang/wx-files/minidb/build-ubsan/minidb" "--seed" "12648450"
Directory: /Users/lixiang/wx-files/minidb/build-ubsan/tests
"clog_status_log" start time: Jun 26 09:28 PDT
Output:
----------------------------------------------------------
clog_status_log PASS seed=12648450 committed=2 aborted=1 after_churn=49
<end of output>
Test time =   0.42 sec
----------------------------------------------------------
Test Passed.
"clog_status_log" end time: Jun 26 09:28 PDT
"clog_status_log" time elapsed: 00:00:00
----------------------------------------------------------

20/63 Testing: differential_sqlite
20/63 Test: differential_sqlite
Command: "/usr/bin/python3" "/Users/lixiang/wx-files/minidb/tests/sql/differential_sqlite.py" "/Users/lixiang/wx-files/minidb/build-ubsan/minidb" "--seed" "12648431"
Directory: /Users/lixiang/wx-files/minidb/build-ubsan/tests
"differential_sqlite" start time: Jun 26 09:28 PDT
Output:
----------------------------------------------------------
differential_sqlite PASS seed=12648431 cases=167
<end of output>
Test time =  23.08 sec
----------------------------------------------------------
Test Passed.
"differential_sqlite" end time: Jun 26 09:28 PDT
"differential_sqlite" time elapsed: 00:00:23
----------------------------------------------------------

End testing: Jun 26 09:28 PDT
