Start testing: Jun 26 09:27 PDT
----------------------------------------------------------
9/63 Testing: container_test
9/63 Test: container_test
Command: "/Users/lixiang/wx-files/minidb/build-asan/tests/container_test"
Directory: /Users/lixiang/wx-files/minidb/build-asan/tests
"container_test" start time: Jun 26 09:27 PDT
Output:
----------------------------------------------------------
<end of output>
Test time =   0.76 sec
----------------------------------------------------------
Test Passed.
"container_test" end time: Jun 26 09:28 PDT
"container_test" time elapsed: 00:00:00
----------------------------------------------------------

2/63 Testing: tuple_value_edge_test
2/63 Test: tuple_value_edge_test
Command: "/Users/lixiang/wx-files/minidb/build-asan/tests/tuple_value_edge_test"
Directory: /Users/lixiang/wx-files/minidb/build-asan/tests
"tuple_value_edge_test" start time: Jun 26 09:27 PDT
Output:
----------------------------------------------------------
<end of output>
Test time =   1.20 sec
----------------------------------------------------------
Test Passed.
"tuple_value_edge_test" end time: Jun 26 09:28 PDT
"tuple_value_edge_test" time elapsed: 00:00:01
----------------------------------------------------------

19/63 Testing: sql_correctness_matrix
19/63 Test: sql_correctness_matrix
Command: "/usr/bin/python3" "/Users/lixiang/wx-files/minidb/tests/sql/sql_correctness_matrix.py" "/Users/lixiang/wx-files/minidb/build-asan/minidb" "--seed" "12648430"
Directory: /Users/lixiang/wx-files/minidb/build-asan/tests
"sql_correctness_matrix" start time: Jun 26 09:28 PDT
Output:
----------------------------------------------------------
sql_correctness_matrix PASS seed=12648430 cases=90
<end of output>
Test time =  22.99 sec
----------------------------------------------------------
Test Passed.
"sql_correctness_matrix" end time: Jun 26 09:28 PDT
"sql_correctness_matrix" time elapsed: 00:00:22
----------------------------------------------------------

20/63 Testing: differential_sqlite
20/63 Test: differential_sqlite
Command: "/usr/bin/python3" "/Users/lixiang/wx-files/minidb/tests/sql/differential_sqlite.py" "/Users/lixiang/wx-files/minidb/build-asan/minidb" "--seed" "12648431"
Directory: /Users/lixiang/wx-files/minidb/build-asan/tests
"differential_sqlite" start time: Jun 26 09:28 PDT
Output:
----------------------------------------------------------
differential_sqlite PASS seed=12648431 cases=167
<end of output>
Test time =  30.04 sec
----------------------------------------------------------
Test Passed.
"differential_sqlite" end time: Jun 26 09:28 PDT
"differential_sqlite" time elapsed: 00:00:30
----------------------------------------------------------

End testing: Jun 26 09:28 PDT
