Start testing: Jun 26 10:38 PDT
----------------------------------------------------------
37/63 Testing: index_heap_atomic
37/63 Test: index_heap_atomic
Command: "/usr/bin/python3" "/Users/lixiang/wx-files/minidb/tests/acid/atomicity/index_heap_atomic.py" "/Users/lixiang/wx-files/minidb/build-asan/minidb" "--seed" "12648441"
Directory: /Users/lixiang/wx-files/minidb/build-asan/tests
"index_heap_atomic" start time: Jun 26 10:38 PDT
Output:
----------------------------------------------------------
index_heap_atomic PASS seed=12648441
<end of output>
Test time =   2.22 sec
----------------------------------------------------------
Test Passed.
"index_heap_atomic" end time: Jun 26 10:38 PDT
"index_heap_atomic" time elapsed: 00:00:02
----------------------------------------------------------

51/63 Testing: index_state_machine
51/63 Test: index_state_machine
Command: "/usr/bin/python3" "/Users/lixiang/wx-files/minidb/tests/acid/durability/index_state_machine.py" "/Users/lixiang/wx-files/minidb/build-asan/minidb" "--seed" "12648448"
Directory: /Users/lixiang/wx-files/minidb/build-asan/tests
"index_state_machine" start time: Jun 26 10:38 PDT
Output:
----------------------------------------------------------
index_state_machine PASS seed=12648448
<end of output>
Test time =   1.18 sec
----------------------------------------------------------
Test Passed.
"index_state_machine" end time: Jun 26 10:38 PDT
"index_state_machine" time elapsed: 00:00:01
----------------------------------------------------------

6/63 Testing: btree_property_test
6/63 Test: btree_property_test
Command: "/Users/lixiang/wx-files/minidb/build-asan/tests/btree_property_test" "12648434"
Directory: /Users/lixiang/wx-files/minidb/build-asan/tests
"btree_property_test" start time: Jun 26 10:38 PDT
Output:
----------------------------------------------------------
btree_property_test seed=12648434
<end of output>
Test time =   0.79 sec
----------------------------------------------------------
Test Passed.
"btree_property_test" end time: Jun 26 10:38 PDT
"btree_property_test" time elapsed: 00:00:00
----------------------------------------------------------

7/63 Testing: index_key_btree_test
7/63 Test: index_key_btree_test
Command: "/Users/lixiang/wx-files/minidb/build-asan/tests/index_key_btree_test"
Directory: /Users/lixiang/wx-files/minidb/build-asan/tests
"index_key_btree_test" start time: Jun 26 10:38 PDT
Output:
----------------------------------------------------------
<end of output>
Test time =   0.45 sec
----------------------------------------------------------
Test Passed.
"index_key_btree_test" end time: Jun 26 10:38 PDT
"index_key_btree_test" time elapsed: 00:00:00
----------------------------------------------------------

62/63 Testing: update_halloween
62/63 Test: update_halloween
Command: "/usr/bin/python3" "/Users/lixiang/wx-files/minidb/tests/regression/update_halloween.py" "/Users/lixiang/wx-files/minidb/build-asan/minidb" "--seed" "12648443"
Directory: /Users/lixiang/wx-files/minidb/build-asan/tests
"update_halloween" start time: Jun 26 10:38 PDT
Output:
----------------------------------------------------------
update_halloween PASS seed=12648443
<end of output>
Test time =   1.00 sec
----------------------------------------------------------
Test Passed.
"update_halloween" end time: Jun 26 10:38 PDT
"update_halloween" time elapsed: 00:00:01
----------------------------------------------------------

27/63 Testing: index_unique_matrix
27/63 Test: index_unique_matrix
Command: "/bin/bash" "/Users/lixiang/wx-files/minidb/tests/index/index_unique_matrix.sh" "/Users/lixiang/wx-files/minidb/build-asan/minidb"
Directory: /Users/lixiang/wx-files/minidb/build-asan/tests
"index_unique_matrix" start time: Jun 26 10:38 PDT
Output:
----------------------------------------------------------
[DB] destructor: flush complete, durable_lsn=58
[DB] destructor: flush complete, durable_lsn=68
<end of output>
Test time =   0.36 sec
----------------------------------------------------------
Test Passed.
"index_unique_matrix" end time: Jun 26 10:38 PDT
"index_unique_matrix" time elapsed: 00:00:00
----------------------------------------------------------

60/63 Testing: production_regression
60/63 Test: production_regression
Command: "/bin/bash" "/Users/lixiang/wx-files/minidb/tests/regression/production_regression.sh" "/Users/lixiang/wx-files/minidb/build-asan/minidb"
Directory: /Users/lixiang/wx-files/minidb/build-asan/tests
"production_regression" start time: Jun 26 10:38 PDT
Output:
----------------------------------------------------------
[DB] destructor: flush complete, durable_lsn=1968
<end of output>
Test time =   0.24 sec
----------------------------------------------------------
Test Passed.
"production_regression" end time: Jun 26 10:38 PDT
"production_regression" time elapsed: 00:00:00
----------------------------------------------------------

24/63 Testing: hot_index_semantics
24/63 Test: hot_index_semantics
Command: "/bin/bash" "/Users/lixiang/wx-files/minidb/tests/ddl/hot_index_semantics.sh" "/Users/lixiang/wx-files/minidb/build-asan/minidb"
Directory: /Users/lixiang/wx-files/minidb/build-asan/tests
"hot_index_semantics" start time: Jun 26 10:38 PDT
Output:
----------------------------------------------------------
[DB] destructor: flush complete, durable_lsn=21
<end of output>
Test time =   0.20 sec
----------------------------------------------------------
Test Passed.
"hot_index_semantics" end time: Jun 26 10:38 PDT
"hot_index_semantics" time elapsed: 00:00:00
----------------------------------------------------------

26/63 Testing: index_delete_rebuild
26/63 Test: index_delete_rebuild
Command: "/bin/bash" "/Users/lixiang/wx-files/minidb/tests/index/index_delete_rebuild.sh" "/Users/lixiang/wx-files/minidb/build-asan/minidb"
Directory: /Users/lixiang/wx-files/minidb/build-asan/tests
"index_delete_rebuild" start time: Jun 26 10:38 PDT
Output:
----------------------------------------------------------
[DB] destructor: flush complete, durable_lsn=2524
<end of output>
Test time =   0.18 sec
----------------------------------------------------------
Test Passed.
"index_delete_rebuild" end time: Jun 26 10:38 PDT
"index_delete_rebuild" time elapsed: 00:00:00
----------------------------------------------------------

19/63 Testing: sql_correctness_matrix
19/63 Test: sql_correctness_matrix
Command: "/usr/bin/python3" "/Users/lixiang/wx-files/minidb/tests/sql/sql_correctness_matrix.py" "/Users/lixiang/wx-files/minidb/build-asan/minidb" "--seed" "12648430"
Directory: /Users/lixiang/wx-files/minidb/build-asan/tests
"sql_correctness_matrix" start time: Jun 26 10:38 PDT
Output:
----------------------------------------------------------
sql_correctness_matrix PASS seed=12648430 cases=90
<end of output>
Test time =  22.54 sec
----------------------------------------------------------
Test Passed.
"sql_correctness_matrix" end time: Jun 26 10:38 PDT
"sql_correctness_matrix" time elapsed: 00:00:22
----------------------------------------------------------

20/63 Testing: differential_sqlite
20/63 Test: differential_sqlite
Command: "/usr/bin/python3" "/Users/lixiang/wx-files/minidb/tests/sql/differential_sqlite.py" "/Users/lixiang/wx-files/minidb/build-asan/minidb" "--seed" "12648431"
Directory: /Users/lixiang/wx-files/minidb/build-asan/tests
"differential_sqlite" start time: Jun 26 10:38 PDT
Output:
----------------------------------------------------------
differential_sqlite PASS seed=12648431 cases=167
<end of output>
Test time =  29.48 sec
----------------------------------------------------------
Test Passed.
"differential_sqlite" end time: Jun 26 10:38 PDT
"differential_sqlite" time elapsed: 00:00:29
----------------------------------------------------------

End testing: Jun 26 10:38 PDT
